Flag shorthand -h has been deprecated, please use --help

Usage:	dockerd [OPTIONS]

A self-sufficient runtime for containers.

Options:
      --add-runtime runtime                     Register an additional
                                                OCI compatible runtime
                                                (default [])
      --allow-nondistributable-artifacts list   Allow push of
                                                nondistributable
                                                artifacts to registry
      --api-cors-header string                  Set CORS headers in the
                                                Engine API
      --authorization-plugin list               Authorization plugins to load
      --bip string                              Specify network bridge IP
  -b, --bridge string                           Attach containers to a
                                                network bridge
      --cgroup-parent string                    Set parent cgroup for all
                                                containers
      --config-file string                      Daemon configuration file
                                                (default
                                                "/etc/docker/daemon.json")
      --containerd string                       containerd grpc address
      --containerd-namespace string             Containerd namespace to
                                                use (default "moby")
      --containerd-plugins-namespace string     Containerd namespace to
                                                use for plugins (default
                                                "plugins.moby")
      --cpu-rt-period int                       Limit the CPU real-time
                                                period in microseconds
                                                for the parent cgroup for
                                                all containers (not
                                                supported with cgroups v2)
      --cpu-rt-runtime int                      Limit the CPU real-time
                                                runtime in microseconds
                                                for the parent cgroup for
                                                all containers (not
                                                supported with cgroups v2)
      --cri-containerd                          start containerd with cri
      --data-root string                        Root directory of
                                                persistent Docker state
                                                (default "/var/lib/docker")
  -D, --debug                                   Enable debug mode
      --default-address-pool pool-options       Default address pools for
                                                node specific local networks
      --default-cgroupns-mode string            Default mode for
                                                containers cgroup
                                                namespace ("host" |
                                                "private") (default "host")
      --default-gateway ip                      Container default gateway
                                                IPv4 address
      --default-gateway-v6 ip                   Container default gateway
                                                IPv6 address
      --default-ipc-mode string                 Default mode for
                                                containers ipc
                                                ("shareable" | "private")
                                                (default "private")
      --default-runtime string                  Default OCI runtime for
                                                containers (default "runc")
      --default-shm-size bytes                  Default shm size for
                                                containers (default 64MiB)
      --default-ulimit ulimit                   Default ulimits for
                                                containers (default [])
      --dns list                                DNS server to use
      --dns-opt list                            DNS options to use
      --dns-search list                         DNS search domains to use
      --exec-opt list                           Runtime execution options
      --exec-root string                        Root directory for
                                                execution state files
                                                (default "/var/run/docker")
      --experimental                            Enable experimental features
      --fixed-cidr string                       IPv4 subnet for fixed IPs
      --fixed-cidr-v6 string                    IPv6 subnet for fixed IPs
  -G, --group string                            Group for the unix socket
                                                (default "docker")
      --help                                    Print usage
  -H, --host list                               Daemon socket(s) to connect to
      --host-gateway-ip ip                      IP address that the
                                                special 'host-gateway'
                                                string in --add-host
                                                resolves to. Defaults to
                                                the IP address of the
                                                default bridge
      --http-proxy string                       HTTP proxy URL to use for
                                                outgoing traffic
      --https-proxy string                      HTTPS proxy URL to use
                                                for outgoing traffic
      --icc                                     Enable inter-container
                                                communication (default true)
      --init                                    Run an init in the
                                                container to forward
                                                signals and reap processes
      --init-path string                        Path to the docker-init binary
      --insecure-registry list                  Enable insecure registry
                                                communication
      --ip ip                                   Default IP when binding
                                                container ports (default
                                                0.0.0.0)
      --ip-forward                              Enable
                                                net.ipv4.ip_forward
                                                (default true)
      --ip-masq                                 Enable IP masquerading
                                                (default true)
      --ip6tables                               Enable addition of
                                                ip6tables rules (experimental)
      --iptables                                Enable addition of
                                                iptables rules (default true)
      --ipv6                                    Enable IPv6 networking
      --label list                              Set key=value labels to
                                                the daemon
      --live-restore                            Enable live restore of
                                                docker when containers
                                                are still running
      --log-driver string                       Default driver for
                                                container logs (default
                                                "json-file")
  -l, --log-level string                        Set the logging level
                                                ("debug"|"info"|"warn"|"error"|"fatal") (default "info")
      --log-opt map                             Default log driver
                                                options for containers
                                                (default map[])
      --max-concurrent-downloads int            Set the max concurrent
                                                downloads (default 3)
      --max-concurrent-uploads int              Set the max concurrent
                                                uploads (default 5)
      --max-download-attempts int               Set the max download
                                                attempts for each pull
                                                (default 5)
      --metrics-addr string                     Set default address and
                                                port to serve the metrics
                                                api on
      --mtu int                                 Set the containers
                                                network MTU (default 1500)
      --network-control-plane-mtu int           Network Control plane MTU
                                                (default 1500)
      --no-new-privileges                       Set no-new-privileges by
                                                default for new containers
      --no-proxy string                         Comma-separated list of
                                                hosts or IP addresses for
                                                which the proxy is skipped
      --node-generic-resource list              Advertise user-defined
                                                resource
      --oom-score-adjust int                    Set the oom_score_adj for
                                                the daemon
  -p, --pidfile string                          Path to use for daemon
                                                PID file (default
                                                "/var/run/docker.pid")
      --raw-logs                                Full timestamps without
                                                ANSI coloring
      --registry-mirror list                    Preferred Docker registry
                                                mirror
      --rootless                                Enable rootless mode;
                                                typically used with
                                                RootlessKit
      --seccomp-profile string                  Path to seccomp profile.
                                                Use "unconfined" to
                                                disable the default
                                                seccomp profile (default
                                                "builtin")
      --selinux-enabled                         Enable selinux support
      --shutdown-timeout int                    Set the default shutdown
                                                timeout (default 15)
  -s, --storage-driver string                   Storage driver to use
      --storage-opt list                        Storage driver options
      --swarm-default-advertise-addr string     Set default address or
                                                interface for swarm
                                                advertised address
      --tls                                     Use TLS; implied by
                                                --tlsverify
      --tlscacert string                        Trust certs signed only
                                                by this CA (default
                                                "/home/fsufitch/.docker/ca.pem")
      --tlscert string                          Path to TLS certificate
                                                file (default
                                                "/home/fsufitch/.docker/cert.pem")
      --tlskey string                           Path to TLS key file
                                                (default
                                                "/home/fsufitch/.docker/key.pem")
      --tlsverify                               Use TLS and verify the remote
      --userland-proxy                          Use userland proxy for
                                                loopback traffic (default
                                                true)
      --userland-proxy-path string              Path to the userland
                                                proxy binary
      --userns-remap string                     User/Group setting for
                                                user namespaces
      --validate                                Validate daemon
                                                configuration and exit
  -v, --version                                 Print version information
                                                and quit
time="2023-06-07T19:55:46.303821294-04:00" level=info msg="Starting up"
dockerd needs to be started with root privileges. To run dockerd in rootless mode as an unprivileged user, see https://docs.docker.com/go/rootless/
time="2023-06-07T19:56:18.293433768-04:00" level=info msg="Starting up"
time="2023-06-07T19:56:18.294639970-04:00" level=warning msg="Binding to IP address without --tlsverify is insecure and gives root access on this machine to everyone who has access to your network." host="tcp://127.0.0.1:2375"
time="2023-06-07T19:56:18.294859787-04:00" level=warning msg="Binding to an IP address, even on localhost, can also give access to scripts run in a browser. Be safe out there!" host="tcp://127.0.0.1:2375"
time="2023-06-07T19:56:19.295756080-04:00" level=warning msg="Binding to IP address without --tlsverify is insecure and gives root access on this machine to everyone who has access to your network." host="tcp://[::1]:2375"
time="2023-06-07T19:56:19.296098955-04:00" level=warning msg="Binding to an IP address, even on localhost, can also give access to scripts run in a browser. Be safe out there!" host="tcp://[::1]:2375"
time="2023-06-07T19:56:20.298467926-04:00" level=info msg="libcontainerd: started new containerd process" pid=305
time="2023-06-07T19:56:20.298808635-04:00" level=info msg="[core] [Channel #1] Channel created" module=grpc
time="2023-06-07T19:56:20.299025427-04:00" level=info msg="[core] [Channel #1] original dial target is: \"unix:///var/run/docker/containerd/containerd.sock\"" module=grpc
time="2023-06-07T19:56:20.299277059-04:00" level=info msg="[core] [Channel #1] parsed dial target is: {Scheme:unix Authority: Endpoint:var/run/docker/containerd/containerd.sock URL:{Scheme:unix Opaque: User: Host: Path:/var/run/docker/containerd/containerd.sock RawPath: OmitHost:false ForceQuery:false RawQuery: Fragment: RawFragment:}}" module=grpc
time="2023-06-07T19:56:20.299501301-04:00" level=info msg="[core] [Channel #1] Channel authority set to \"localhost\"" module=grpc
time="2023-06-07T19:56:20.302231591-04:00" level=info msg="[core] [Channel #1] Resolver state updated: {\n  \"Addresses\": [\n    {\n      \"Addr\": \"/var/run/docker/containerd/containerd.sock\",\n      \"ServerName\": \"\",\n      \"Attributes\": {},\n      \"BalancerAttributes\": null,\n      \"Type\": 0,\n      \"Metadata\": null\n    }\n  ],\n  \"ServiceConfig\": null,\n  \"Attributes\": null\n} (resolver returned new addresses)" module=grpc
time="2023-06-07T19:56:20.302516746-04:00" level=info msg="[core] [Channel #1] Channel switches to new LB policy \"pick_first\"" module=grpc
time="2023-06-07T19:56:20.303173397-04:00" level=info msg="[core] [Channel #1 SubChannel #2] Subchannel created" module=grpc
time="2023-06-07T19:56:20.304010359-04:00" level=info msg="[core] [Channel #1 SubChannel #2] Subchannel Connectivity change to CONNECTING" module=grpc
time="2023-06-07T19:56:20.304242816-04:00" level=info msg="[core] [Channel #1 SubChannel #2] Subchannel picks a new address \"/var/run/docker/containerd/containerd.sock\" to connect" module=grpc
time="2023-06-07T19:56:20.304269741-04:00" level=info msg="[core] [Channel #1] Channel Connectivity change to CONNECTING" module=grpc
time="2023-06-07T19:56:20.441082002-04:00" level=info msg="starting containerd" revision=2806fc1057397dbaeefbea0e4e17bddfbd388f38 version=1.6.20
time="2023-06-07T19:56:20.450113260-04:00" level=info msg="loading plugin \"io.containerd.content.v1.content\"..." type=io.containerd.content.v1
time="2023-06-07T19:56:20.450661322-04:00" level=info msg="loading plugin \"io.containerd.snapshotter.v1.aufs\"..." type=io.containerd.snapshotter.v1
time="2023-06-07T19:56:20.454009033-04:00" level=info msg="skip loading plugin \"io.containerd.snapshotter.v1.aufs\"..." error="aufs is not supported (modprobe aufs failed: exit status 1 \"modprobe: FATAL: Module aufs not found in directory /lib/modules/5.15.90.1-microsoft-standard-WSL2\\n\"): skip plugin" type=io.containerd.snapshotter.v1
time="2023-06-07T19:56:20.454251999-04:00" level=info msg="loading plugin \"io.containerd.snapshotter.v1.devmapper\"..." type=io.containerd.snapshotter.v1
time="2023-06-07T19:56:20.454477026-04:00" level=warning msg="failed to load plugin io.containerd.snapshotter.v1.devmapper" error="devmapper not configured"
time="2023-06-07T19:56:20.454672463-04:00" level=info msg="loading plugin \"io.containerd.snapshotter.v1.native\"..." type=io.containerd.snapshotter.v1
time="2023-06-07T19:56:20.455049887-04:00" level=info msg="loading plugin \"io.containerd.snapshotter.v1.overlayfs\"..." type=io.containerd.snapshotter.v1
time="2023-06-07T19:56:20.456312229-04:00" level=info msg="loading plugin \"io.containerd.snapshotter.v1.zfs\"..." type=io.containerd.snapshotter.v1
time="2023-06-07T19:56:20.456627654-04:00" level=info msg="skip loading plugin \"io.containerd.snapshotter.v1.zfs\"..." error="path /var/lib/docker/containerd/daemon/io.containerd.snapshotter.v1.zfs must be a zfs filesystem to be used with the zfs snapshotter: skip plugin" type=io.containerd.snapshotter.v1
time="2023-06-07T19:56:20.456829931-04:00" level=info msg="loading plugin \"io.containerd.metadata.v1.bolt\"..." type=io.containerd.metadata.v1
time="2023-06-07T19:56:20.457035608-04:00" level=warning msg="could not use snapshotter devmapper in metadata plugin" error="devmapper not configured"
time="2023-06-07T19:56:20.457235425-04:00" level=info msg="metadata content store policy set" policy=shared
time="2023-06-07T19:56:20.459619380-04:00" level=info msg="loading plugin \"io.containerd.differ.v1.walking\"..." type=io.containerd.differ.v1
time="2023-06-07T19:56:20.459831086-04:00" level=info msg="loading plugin \"io.containerd.event.v1.exchange\"..." type=io.containerd.event.v1
time="2023-06-07T19:56:20.460041983-04:00" level=info msg="loading plugin \"io.containerd.gc.v1.scheduler\"..." type=io.containerd.gc.v1
time="2023-06-07T19:56:20.460256550-04:00" level=info msg="loading plugin \"io.containerd.service.v1.introspection-service\"..." type=io.containerd.service.v1
time="2023-06-07T19:56:20.460462937-04:00" level=info msg="loading plugin \"io.containerd.service.v1.containers-service\"..." type=io.containerd.service.v1
time="2023-06-07T19:56:20.460650944-04:00" level=info msg="loading plugin \"io.containerd.service.v1.content-service\"..." type=io.containerd.service.v1
time="2023-06-07T19:56:20.460872001-04:00" level=info msg="loading plugin \"io.containerd.service.v1.diff-service\"..." type=io.containerd.service.v1
time="2023-06-07T19:56:20.461099928-04:00" level=info msg="loading plugin \"io.containerd.service.v1.images-service\"..." type=io.containerd.service.v1
time="2023-06-07T19:56:20.461291585-04:00" level=info msg="loading plugin \"io.containerd.service.v1.leases-service\"..." type=io.containerd.service.v1
time="2023-06-07T19:56:20.461508952-04:00" level=info msg="loading plugin \"io.containerd.service.v1.namespaces-service\"..." type=io.containerd.service.v1
time="2023-06-07T19:56:20.461698969-04:00" level=info msg="loading plugin \"io.containerd.service.v1.snapshots-service\"..." type=io.containerd.service.v1
time="2023-06-07T19:56:20.461890816-04:00" level=info msg="loading plugin \"io.containerd.runtime.v1.linux\"..." type=io.containerd.runtime.v1
time="2023-06-07T19:56:20.462147372-04:00" level=info msg="loading plugin \"io.containerd.runtime.v2.task\"..." type=io.containerd.runtime.v2
time="2023-06-07T19:56:20.462369869-04:00" level=info msg="loading plugin \"io.containerd.monitor.v1.cgroups\"..." type=io.containerd.monitor.v1
time="2023-06-07T19:56:20.463846947-04:00" level=info msg="loading plugin \"io.containerd.service.v1.tasks-service\"..." type=io.containerd.service.v1
time="2023-06-07T19:56:20.464060914-04:00" level=info msg="loading plugin \"io.containerd.grpc.v1.introspection\"..." type=io.containerd.grpc.v1
time="2023-06-07T19:56:20.464339650-04:00" level=info msg="loading plugin \"io.containerd.internal.v1.restart\"..." type=io.containerd.internal.v1
time="2023-06-07T19:56:20.464798723-04:00" level=info msg="loading plugin \"io.containerd.grpc.v1.containers\"..." type=io.containerd.grpc.v1
time="2023-06-07T19:56:20.465007930-04:00" level=info msg="loading plugin \"io.containerd.grpc.v1.content\"..." type=io.containerd.grpc.v1
time="2023-06-07T19:56:20.465212907-04:00" level=info msg="loading plugin \"io.containerd.grpc.v1.diff\"..." type=io.containerd.grpc.v1
time="2023-06-07T19:56:20.465462238-04:00" level=info msg="loading plugin \"io.containerd.grpc.v1.events\"..." type=io.containerd.grpc.v1
time="2023-06-07T19:56:20.465991495-04:00" level=info msg="loading plugin \"io.containerd.grpc.v1.healthcheck\"..." type=io.containerd.grpc.v1
time="2023-06-07T19:56:20.466207042-04:00" level=info msg="loading plugin \"io.containerd.grpc.v1.images\"..." type=io.containerd.grpc.v1
time="2023-06-07T19:56:20.466414879-04:00" level=info msg="loading plugin \"io.containerd.grpc.v1.leases\"..." type=io.containerd.grpc.v1
time="2023-06-07T19:56:20.466626286-04:00" level=info msg="loading plugin \"io.containerd.grpc.v1.namespaces\"..." type=io.containerd.grpc.v1
time="2023-06-07T19:56:20.466806163-04:00" level=info msg="loading plugin \"io.containerd.internal.v1.opt\"..." type=io.containerd.internal.v1
time="2023-06-07T19:56:20.467834348-04:00" level=info msg="loading plugin \"io.containerd.grpc.v1.snapshots\"..." type=io.containerd.grpc.v1
time="2023-06-07T19:56:20.468028165-04:00" level=info msg="loading plugin \"io.containerd.grpc.v1.tasks\"..." type=io.containerd.grpc.v1
time="2023-06-07T19:56:20.468212972-04:00" level=info msg="loading plugin \"io.containerd.grpc.v1.version\"..." type=io.containerd.grpc.v1
time="2023-06-07T19:56:20.468382400-04:00" level=info msg="loading plugin \"io.containerd.tracing.processor.v1.otlp\"..." type=io.containerd.tracing.processor.v1
time="2023-06-07T19:56:20.468585247-04:00" level=info msg="skip loading plugin \"io.containerd.tracing.processor.v1.otlp\"..." error="no OpenTelemetry endpoint: skip plugin" type=io.containerd.tracing.processor.v1
time="2023-06-07T19:56:20.468769084-04:00" level=info msg="loading plugin \"io.containerd.internal.v1.tracing\"..." type=io.containerd.internal.v1
time="2023-06-07T19:56:20.468949922-04:00" level=error msg="failed to initialize a tracing processor \"otlp\"" error="no OpenTelemetry endpoint: skip plugin"
time="2023-06-07T19:56:20.469241087-04:00" level=info msg=serving... address=/var/run/docker/containerd/containerd-debug.sock
time="2023-06-07T19:56:20.469451024-04:00" level=info msg=serving... address=/var/run/docker/containerd/containerd.sock.ttrpc
time="2023-06-07T19:56:20.469682061-04:00" level=info msg=serving... address=/var/run/docker/containerd/containerd.sock
time="2023-06-07T19:56:20.469914867-04:00" level=info msg="containerd successfully booted in 0.030939s"
time="2023-06-07T19:56:20.472676618-04:00" level=info msg="[core] [Channel #1 SubChannel #2] Subchannel Connectivity change to READY" module=grpc
time="2023-06-07T19:56:20.472932685-04:00" level=info msg="[core] [Channel #1] Channel Connectivity change to READY" module=grpc
time="2023-06-07T19:56:20.480873727-04:00" level=info msg="[core] [Channel #4] Channel created" module=grpc
time="2023-06-07T19:56:20.481235762-04:00" level=info msg="[core] [Channel #4] original dial target is: \"unix:///var/run/docker/containerd/containerd.sock\"" module=grpc
time="2023-06-07T19:56:20.481461508-04:00" level=info msg="[core] [Channel #4] parsed dial target is: {Scheme:unix Authority: Endpoint:var/run/docker/containerd/containerd.sock URL:{Scheme:unix Opaque: User: Host: Path:/var/run/docker/containerd/containerd.sock RawPath: OmitHost:false ForceQuery:false RawQuery: Fragment: RawFragment:}}" module=grpc
time="2023-06-07T19:56:20.481668585-04:00" level=info msg="[core] [Channel #4] Channel authority set to \"localhost\"" module=grpc
time="2023-06-07T19:56:20.481889262-04:00" level=info msg="[core] [Channel #4] Resolver state updated: {\n  \"Addresses\": [\n    {\n      \"Addr\": \"/var/run/docker/containerd/containerd.sock\",\n      \"ServerName\": \"\",\n      \"Attributes\": {},\n      \"BalancerAttributes\": null,\n      \"Type\": 0,\n      \"Metadata\": null\n    }\n  ],\n  \"ServiceConfig\": null,\n  \"Attributes\": null\n} (resolver returned new addresses)" module=grpc
time="2023-06-07T19:56:20.482109249-04:00" level=info msg="[core] [Channel #4] Channel switches to new LB policy \"pick_first\"" module=grpc
time="2023-06-07T19:56:20.482322576-04:00" level=info msg="[core] [Channel #4 SubChannel #5] Subchannel created" module=grpc
time="2023-06-07T19:56:20.482542977-04:00" level=info msg="[core] [Channel #4 SubChannel #5] Subchannel Connectivity change to CONNECTING" module=grpc
time="2023-06-07T19:56:20.482762579-04:00" level=info msg="[core] [Channel #4 SubChannel #5] Subchannel picks a new address \"/var/run/docker/containerd/containerd.sock\" to connect" module=grpc
time="2023-06-07T19:56:20.482780991-04:00" level=info msg="[core] [Channel #4] Channel Connectivity change to CONNECTING" module=grpc
time="2023-06-07T19:56:20.483139649-04:00" level=info msg="[core] [Channel #4 SubChannel #5] Subchannel Connectivity change to READY" module=grpc
time="2023-06-07T19:56:20.483462929-04:00" level=info msg="[core] [Channel #4] Channel Connectivity change to READY" module=grpc
time="2023-06-07T19:56:20.485241273-04:00" level=info msg="[core] [Channel #7] Channel created" module=grpc
time="2023-06-07T19:56:20.485461459-04:00" level=info msg="[core] [Channel #7] original dial target is: \"unix:///var/run/docker/containerd/containerd.sock\"" module=grpc
time="2023-06-07T19:56:20.485695478-04:00" level=info msg="[core] [Channel #7] parsed dial target is: {Scheme:unix Authority: Endpoint:var/run/docker/containerd/containerd.sock URL:{Scheme:unix Opaque: User: Host: Path:/var/run/docker/containerd/containerd.sock RawPath: OmitHost:false ForceQuery:false RawQuery: Fragment: RawFragment:}}" module=grpc
time="2023-06-07T19:56:20.485919085-04:00" level=info msg="[core] [Channel #7] Channel authority set to \"localhost\"" module=grpc
time="2023-06-07T19:56:20.486139231-04:00" level=info msg="[core] [Channel #7] Resolver state updated: {\n  \"Addresses\": [\n    {\n      \"Addr\": \"/var/run/docker/containerd/containerd.sock\",\n      \"ServerName\": \"\",\n      \"Attributes\": {},\n      \"BalancerAttributes\": null,\n      \"Type\": 0,\n      \"Metadata\": null\n    }\n  ],\n  \"ServiceConfig\": null,\n  \"Attributes\": null\n} (resolver returned new addresses)" module=grpc
time="2023-06-07T19:56:20.486350018-04:00" level=info msg="[core] [Channel #7] Channel switches to new LB policy \"pick_first\"" module=grpc
time="2023-06-07T19:56:20.486594405-04:00" level=info msg="[core] [Channel #7 SubChannel #8] Subchannel created" module=grpc
time="2023-06-07T19:56:20.486847291-04:00" level=info msg="[core] [Channel #7 SubChannel #8] Subchannel Connectivity change to CONNECTING" module=grpc
time="2023-06-07T19:56:20.487080508-04:00" level=info msg="[core] [Channel #7 SubChannel #8] Subchannel picks a new address \"/var/run/docker/containerd/containerd.sock\" to connect" module=grpc
time="2023-06-07T19:56:20.487103092-04:00" level=info msg="[core] [Channel #7] Channel Connectivity change to CONNECTING" module=grpc
time="2023-06-07T19:56:20.487474602-04:00" level=info msg="[core] [Channel #7 SubChannel #8] Subchannel Connectivity change to READY" module=grpc
time="2023-06-07T19:56:20.487879926-04:00" level=info msg="[core] [Channel #7] Channel Connectivity change to READY" module=grpc
time="2023-06-07T19:56:20.540203626-04:00" level=info msg="[graphdriver] using prior storage driver: overlay2"
time="2023-06-07T19:56:21.008008747-04:00" level=info msg="Loading containers: start."
time="2023-06-07T19:56:21.938147614-04:00" level=info msg="Default bridge (docker0) is assigned with an IP address 172.17.0.0/16. Daemon option --bip can be used to set a preferred IP address"
time="2023-06-07T19:56:21.990160539-04:00" level=info msg="Loading containers: done."
time="2023-06-07T19:56:22.049436715-04:00" level=warning msg="WARNING: API is accessible on http://127.0.0.1:2375 without encryption.\n         Access to the remote API is equivalent to root access on the host. Refer\n         to the 'Docker daemon attack surface' section in the documentation for\n         more information: https://docs.docker.com/go/attack-surface/"
time="2023-06-07T19:56:22.049730781-04:00" level=warning msg="WARNING: API is accessible on http://[::1]:2375 without encryption.\n         Access to the remote API is equivalent to root access on the host. Refer\n         to the 'Docker daemon attack surface' section in the documentation for\n         more information: https://docs.docker.com/go/attack-surface/"
time="2023-06-07T19:56:22.049954137-04:00" level=warning msg="WARNING: No blkio throttle.read_bps_device support"
time="2023-06-07T19:56:22.050163344-04:00" level=warning msg="WARNING: No blkio throttle.write_bps_device support"
time="2023-06-07T19:56:22.050367601-04:00" level=warning msg="WARNING: No blkio throttle.read_iops_device support"
time="2023-06-07T19:56:22.050594888-04:00" level=warning msg="WARNING: No blkio throttle.write_iops_device support"
time="2023-06-07T19:56:22.050807395-04:00" level=info msg="Docker daemon" commit=219f21b graphdriver=overlay2 version=23.0.2
time="2023-06-07T19:56:22.051300972-04:00" level=info msg="Daemon has completed initialization"
time="2023-06-07T19:56:22.832202626-04:00" level=info msg="[core] [Server #10] Server created" module=grpc
time="2023-06-07T19:56:22.837478009-04:00" level=info msg="API listen on 127.0.0.1:2375"
time="2023-06-07T19:56:22.839478400-04:00" level=info msg="API listen on [::1]:2375"
time="2023-06-07T19:56:22.841478840-04:00" level=info msg="API listen on /var/run/docker.sock"
time="2023-06-07T19:56:25.462695214-04:00" level=info msg="Processing signal 'interrupt'"
time="2023-06-07T19:56:25.464329047-04:00" level=info msg="[core] [Channel #4] Channel Connectivity change to SHUTDOWN" module=grpc
time="2023-06-07T19:56:25.464608364-04:00" level=info msg="[core] [Channel #4 SubChannel #5] Subchannel Connectivity change to SHUTDOWN" module=grpc
time="2023-06-07T19:56:25.464855700-04:00" level=info msg="[core] [Channel #4 SubChannel #5] Subchannel deleted" module=grpc
time="2023-06-07T19:56:25.465097767-04:00" level=info msg="[core] [Channel #4] Channel deleted" module=grpc
time="2023-06-07T19:56:25.465389494-04:00" level=info msg="stopping event stream following graceful shutdown" error="<nil>" module=libcontainerd namespace=moby
time="2023-06-07T19:56:25.465618968-04:00" level=info msg="Daemon shutdown complete"
time="2023-06-07T19:56:25.465650689-04:00" level=info msg="stopping healthcheck following graceful shutdown" module=libcontainerd
time="2023-06-07T19:56:42.087624260-04:00" level=info msg="Starting up"
time="2023-06-07T19:56:42.088128602-04:00" level=warning msg="Binding to IP address without --tlsverify is insecure and gives root access on this machine to everyone who has access to your network." host="tcp://127.0.0.1:2375"
time="2023-06-07T19:56:42.088349339-04:00" level=warning msg="Binding to an IP address, even on localhost, can also give access to scripts run in a browser. Be safe out there!" host="tcp://127.0.0.1:2375"
time="2023-06-07T19:56:43.088820943-04:00" level=warning msg="Binding to IP address without --tlsverify is insecure and gives root access on this machine to everyone who has access to your network." host="tcp://[::1]:2375"
time="2023-06-07T19:56:43.089184478-04:00" level=warning msg="Binding to an IP address, even on localhost, can also give access to scripts run in a browser. Be safe out there!" host="tcp://[::1]:2375"
time="2023-06-07T19:56:44.090040924-04:00" level=info msg="libcontainerd: started new containerd process" pid=731
time="2023-06-07T19:56:44.090417088-04:00" level=info msg="[core] [Channel #1] Channel created" module=grpc
time="2023-06-07T19:56:44.090663914-04:00" level=info msg="[core] [Channel #1] original dial target is: \"unix:///var/run/docker/containerd/containerd.sock\"" module=grpc
time="2023-06-07T19:56:44.090944170-04:00" level=info msg="[core] [Channel #1] parsed dial target is: {Scheme:unix Authority: Endpoint:var/run/docker/containerd/containerd.sock URL:{Scheme:unix Opaque: User: Host: Path:/var/run/docker/containerd/containerd.sock RawPath: OmitHost:false ForceQuery:false RawQuery: Fragment: RawFragment:}}" module=grpc
time="2023-06-07T19:56:44.091178537-04:00" level=info msg="[core] [Channel #1] Channel authority set to \"localhost\"" module=grpc
time="2023-06-07T19:56:44.091516242-04:00" level=info msg="[core] [Channel #1] Resolver state updated: {\n  \"Addresses\": [\n    {\n      \"Addr\": \"/var/run/docker/containerd/containerd.sock\",\n      \"ServerName\": \"\",\n      \"Attributes\": {},\n      \"BalancerAttributes\": null,\n      \"Type\": 0,\n      \"Metadata\": null\n    }\n  ],\n  \"ServiceConfig\": null,\n  \"Attributes\": null\n} (resolver returned new addresses)" module=grpc
time="2023-06-07T19:56:44.091759368-04:00" level=info msg="[core] [Channel #1] Channel switches to new LB policy \"pick_first\"" module=grpc
time="2023-06-07T19:56:44.091989725-04:00" level=info msg="[core] [Channel #1 SubChannel #2] Subchannel created" module=grpc
time="2023-06-07T19:56:44.092227921-04:00" level=info msg="[core] [Channel #1 SubChannel #2] Subchannel Connectivity change to CONNECTING" module=grpc
time="2023-06-07T19:56:44.092449368-04:00" level=info msg="[core] [Channel #1 SubChannel #2] Subchannel picks a new address \"/var/run/docker/containerd/containerd.sock\" to connect" module=grpc
time="2023-06-07T19:56:44.092482458-04:00" level=info msg="[core] [Channel #1] Channel Connectivity change to CONNECTING" module=grpc
time="2023-06-07T19:56:44.104015698-04:00" level=info msg="starting containerd" revision=2806fc1057397dbaeefbea0e4e17bddfbd388f38 version=1.6.20
time="2023-06-07T19:56:44.111921306-04:00" level=info msg="loading plugin \"io.containerd.content.v1.content\"..." type=io.containerd.content.v1
time="2023-06-07T19:56:44.112203602-04:00" level=info msg="loading plugin \"io.containerd.snapshotter.v1.aufs\"..." type=io.containerd.snapshotter.v1
time="2023-06-07T19:56:44.113286321-04:00" level=info msg="skip loading plugin \"io.containerd.snapshotter.v1.aufs\"..." error="aufs is not supported (modprobe aufs failed: exit status 1 \"modprobe: FATAL: Module aufs not found in directory /lib/modules/5.15.90.1-microsoft-standard-WSL2\\n\"): skip plugin" type=io.containerd.snapshotter.v1
time="2023-06-07T19:56:44.113526272-04:00" level=info msg="loading plugin \"io.containerd.snapshotter.v1.devmapper\"..." type=io.containerd.snapshotter.v1
time="2023-06-07T19:56:44.113774818-04:00" level=warning msg="failed to load plugin io.containerd.snapshotter.v1.devmapper" error="devmapper not configured"
time="2023-06-07T19:56:44.114007715-04:00" level=info msg="loading plugin \"io.containerd.snapshotter.v1.native\"..." type=io.containerd.snapshotter.v1
time="2023-06-07T19:56:44.114292931-04:00" level=info msg="loading plugin \"io.containerd.snapshotter.v1.overlayfs\"..." type=io.containerd.snapshotter.v1
time="2023-06-07T19:56:44.114624551-04:00" level=info msg="loading plugin \"io.containerd.snapshotter.v1.zfs\"..." type=io.containerd.snapshotter.v1
time="2023-06-07T19:56:44.114971910-04:00" level=info msg="skip loading plugin \"io.containerd.snapshotter.v1.zfs\"..." error="path /var/lib/docker/containerd/daemon/io.containerd.snapshotter.v1.zfs must be a zfs filesystem to be used with the zfs snapshotter: skip plugin" type=io.containerd.snapshotter.v1
time="2023-06-07T19:56:44.115183787-04:00" level=info msg="loading plugin \"io.containerd.metadata.v1.bolt\"..." type=io.containerd.metadata.v1
time="2023-06-07T19:56:44.115385954-04:00" level=warning msg="could not use snapshotter devmapper in metadata plugin" error="devmapper not configured"
time="2023-06-07T19:56:44.115614901-04:00" level=info msg="metadata content store policy set" policy=shared
time="2023-06-07T19:56:44.115886337-04:00" level=info msg="loading plugin \"io.containerd.differ.v1.walking\"..." type=io.containerd.differ.v1
time="2023-06-07T19:56:44.116113024-04:00" level=info msg="loading plugin \"io.containerd.event.v1.exchange\"..." type=io.containerd.event.v1
time="2023-06-07T19:56:44.116340650-04:00" level=info msg="loading plugin \"io.containerd.gc.v1.scheduler\"..." type=io.containerd.gc.v1
time="2023-06-07T19:56:44.116608596-04:00" level=info msg="loading plugin \"io.containerd.service.v1.introspection-service\"..." type=io.containerd.service.v1
time="2023-06-07T19:56:44.116833773-04:00" level=info msg="loading plugin \"io.containerd.service.v1.containers-service\"..." type=io.containerd.service.v1
time="2023-06-07T19:56:44.117056500-04:00" level=info msg="loading plugin \"io.containerd.service.v1.content-service\"..." type=io.containerd.service.v1
time="2023-06-07T19:56:44.117252917-04:00" level=info msg="loading plugin \"io.containerd.service.v1.diff-service\"..." type=io.containerd.service.v1
time="2023-06-07T19:56:44.117447984-04:00" level=info msg="loading plugin \"io.containerd.service.v1.images-service\"..." type=io.containerd.service.v1
time="2023-06-07T19:56:44.117652981-04:00" level=info msg="loading plugin \"io.containerd.service.v1.leases-service\"..." type=io.containerd.service.v1
time="2023-06-07T19:56:44.117848948-04:00" level=info msg="loading plugin \"io.containerd.service.v1.namespaces-service\"..." type=io.containerd.service.v1
time="2023-06-07T19:56:44.118051145-04:00" level=info msg="loading plugin \"io.containerd.service.v1.snapshots-service\"..." type=io.containerd.service.v1
time="2023-06-07T19:56:44.118255352-04:00" level=info msg="loading plugin \"io.containerd.runtime.v1.linux\"..." type=io.containerd.runtime.v1
time="2023-06-07T19:56:44.118474019-04:00" level=info msg="loading plugin \"io.containerd.runtime.v2.task\"..." type=io.containerd.runtime.v2
time="2023-06-07T19:56:44.118691456-04:00" level=info msg="loading plugin \"io.containerd.monitor.v1.cgroups\"..." type=io.containerd.monitor.v1
time="2023-06-07T19:56:44.119058080-04:00" level=info msg="loading plugin \"io.containerd.service.v1.tasks-service\"..." type=io.containerd.service.v1
time="2023-06-07T19:56:44.119290267-04:00" level=info msg="loading plugin \"io.containerd.grpc.v1.introspection\"..." type=io.containerd.grpc.v1
time="2023-06-07T19:56:44.119506084-04:00" level=info msg="loading plugin \"io.containerd.internal.v1.restart\"..." type=io.containerd.internal.v1
time="2023-06-07T19:56:44.119736030-04:00" level=info msg="loading plugin \"io.containerd.grpc.v1.containers\"..." type=io.containerd.grpc.v1
time="2023-06-07T19:56:44.119967452-04:00" level=info msg="loading plugin \"io.containerd.grpc.v1.content\"..." type=io.containerd.grpc.v1
time="2023-06-07T19:56:44.120234873-04:00" level=info msg="loading plugin \"io.containerd.grpc.v1.diff\"..." type=io.containerd.grpc.v1
time="2023-06-07T19:56:44.120466190-04:00" level=info msg="loading plugin \"io.containerd.grpc.v1.events\"..." type=io.containerd.grpc.v1
time="2023-06-07T19:56:44.120682216-04:00" level=info msg="loading plugin \"io.containerd.grpc.v1.healthcheck\"..." type=io.containerd.grpc.v1
time="2023-06-07T19:56:44.120883744-04:00" level=info msg="loading plugin \"io.containerd.grpc.v1.images\"..." type=io.containerd.grpc.v1
time="2023-06-07T19:56:44.121088111-04:00" level=info msg="loading plugin \"io.containerd.grpc.v1.leases\"..." type=io.containerd.grpc.v1
time="2023-06-07T19:56:44.121288078-04:00" level=info msg="loading plugin \"io.containerd.grpc.v1.namespaces\"..." type=io.containerd.grpc.v1
time="2023-06-07T19:56:44.121490405-04:00" level=info msg="loading plugin \"io.containerd.internal.v1.opt\"..." type=io.containerd.internal.v1
time="2023-06-07T19:56:44.121701272-04:00" level=info msg="loading plugin \"io.containerd.grpc.v1.snapshots\"..." type=io.containerd.grpc.v1
time="2023-06-07T19:56:44.121903709-04:00" level=info msg="loading plugin \"io.containerd.grpc.v1.tasks\"..." type=io.containerd.grpc.v1
time="2023-06-07T19:56:44.122103566-04:00" level=info msg="loading plugin \"io.containerd.grpc.v1.version\"..." type=io.containerd.grpc.v1
time="2023-06-07T19:56:44.122310273-04:00" level=info msg="loading plugin \"io.containerd.tracing.processor.v1.otlp\"..." type=io.containerd.tracing.processor.v1
time="2023-06-07T19:56:44.122522890-04:00" level=info msg="skip loading plugin \"io.containerd.tracing.processor.v1.otlp\"..." error="no OpenTelemetry endpoint: skip plugin" type=io.containerd.tracing.processor.v1
time="2023-06-07T19:56:44.122719427-04:00" level=info msg="loading plugin \"io.containerd.internal.v1.tracing\"..." type=io.containerd.internal.v1
time="2023-06-07T19:56:44.122996513-04:00" level=error msg="failed to initialize a tracing processor \"otlp\"" error="no OpenTelemetry endpoint: skip plugin"
time="2023-06-07T19:56:44.123330968-04:00" level=info msg=serving... address=/var/run/docker/containerd/containerd-debug.sock
time="2023-06-07T19:56:44.123570964-04:00" level=info msg=serving... address=/var/run/docker/containerd/containerd.sock.ttrpc
time="2023-06-07T19:56:44.123802801-04:00" level=info msg=serving... address=/var/run/docker/containerd/containerd.sock
time="2023-06-07T19:56:44.124028227-04:00" level=info msg="containerd successfully booted in 0.020346s"
time="2023-06-07T19:56:44.134168193-04:00" level=info msg="[core] [Channel #1 SubChannel #2] Subchannel Connectivity change to READY" module=grpc
time="2023-06-07T19:56:44.134474098-04:00" level=info msg="[core] [Channel #1] Channel Connectivity change to READY" module=grpc
time="2023-06-07T19:56:44.136262543-04:00" level=info msg="[core] [Channel #4] Channel created" module=grpc
time="2023-06-07T19:56:44.136503759-04:00" level=info msg="[core] [Channel #4] original dial target is: \"unix:///var/run/docker/containerd/containerd.sock\"" module=grpc
time="2023-06-07T19:56:44.136758035-04:00" level=info msg="[core] [Channel #4] parsed dial target is: {Scheme:unix Authority: Endpoint:var/run/docker/containerd/containerd.sock URL:{Scheme:unix Opaque: User: Host: Path:/var/run/docker/containerd/containerd.sock RawPath: OmitHost:false ForceQuery:false RawQuery: Fragment: RawFragment:}}" module=grpc
time="2023-06-07T19:56:44.136975902-04:00" level=info msg="[core] [Channel #4] Channel authority set to \"localhost\"" module=grpc
time="2023-06-07T19:56:44.137213349-04:00" level=info msg="[core] [Channel #4] Resolver state updated: {\n  \"Addresses\": [\n    {\n      \"Addr\": \"/var/run/docker/containerd/containerd.sock\",\n      \"ServerName\": \"\",\n      \"Attributes\": {},\n      \"BalancerAttributes\": null,\n      \"Type\": 0,\n      \"Metadata\": null\n    }\n  ],\n  \"ServiceConfig\": null,\n  \"Attributes\": null\n} (resolver returned new addresses)" module=grpc
time="2023-06-07T19:56:44.137443375-04:00" level=info msg="[core] [Channel #4] Channel switches to new LB policy \"pick_first\"" module=grpc
time="2023-06-07T19:56:44.137657842-04:00" level=info msg="[core] [Channel #4 SubChannel #5] Subchannel created" module=grpc
time="2023-06-07T19:56:44.137879429-04:00" level=info msg="[core] [Channel #4 SubChannel #5] Subchannel Connectivity change to CONNECTING" module=grpc
time="2023-06-07T19:56:44.138122833-04:00" level=info msg="[core] [Channel #4 SubChannel #5] Subchannel picks a new address \"/var/run/docker/containerd/containerd.sock\" to connect" module=grpc
time="2023-06-07T19:56:44.138142415-04:00" level=info msg="[core] [Channel #4] Channel Connectivity change to CONNECTING" module=grpc
time="2023-06-07T19:56:44.138515139-04:00" level=info msg="[core] [Channel #4 SubChannel #5] Subchannel Connectivity change to READY" module=grpc
time="2023-06-07T19:56:44.138856473-04:00" level=info msg="[core] [Channel #4] Channel Connectivity change to READY" module=grpc
time="2023-06-07T19:56:44.140115805-04:00" level=info msg="[core] [Channel #7] Channel created" module=grpc
time="2023-06-07T19:56:44.140334511-04:00" level=info msg="[core] [Channel #7] original dial target is: \"unix:///var/run/docker/containerd/containerd.sock\"" module=grpc
time="2023-06-07T19:56:44.140545363-04:00" level=info msg="[core] [Channel #7] parsed dial target is: {Scheme:unix Authority: Endpoint:var/run/docker/containerd/containerd.sock URL:{Scheme:unix Opaque: User: Host: Path:/var/run/docker/containerd/containerd.sock RawPath: OmitHost:false ForceQuery:false RawQuery: Fragment: RawFragment:}}" module=grpc
time="2023-06-07T19:56:44.140741720-04:00" level=info msg="[core] [Channel #7] Channel authority set to \"localhost\"" module=grpc
time="2023-06-07T19:56:44.140952832-04:00" level=info msg="[core] [Channel #7] Resolver state updated: {\n  \"Addresses\": [\n    {\n      \"Addr\": \"/var/run/docker/containerd/containerd.sock\",\n      \"ServerName\": \"\",\n      \"Attributes\": {},\n      \"BalancerAttributes\": null,\n      \"Type\": 0,\n      \"Metadata\": null\n    }\n  ],\n  \"ServiceConfig\": null,\n  \"Attributes\": null\n} (resolver returned new addresses)" module=grpc
time="2023-06-07T19:56:44.141177619-04:00" level=info msg="[core] [Channel #7] Channel switches to new LB policy \"pick_first\"" module=grpc
time="2023-06-07T19:56:44.141387930-04:00" level=info msg="[core] [Channel #7 SubChannel #8] Subchannel created" module=grpc
time="2023-06-07T19:56:44.141607247-04:00" level=info msg="[core] [Channel #7 SubChannel #8] Subchannel Connectivity change to CONNECTING" module=grpc
time="2023-06-07T19:56:44.141818784-04:00" level=info msg="[core] [Channel #7 SubChannel #8] Subchannel picks a new address \"/var/run/docker/containerd/containerd.sock\" to connect" module=grpc
time="2023-06-07T19:56:44.141835230-04:00" level=info msg="[core] [Channel #7] Channel Connectivity change to CONNECTING" module=grpc
time="2023-06-07T19:56:44.142187705-04:00" level=info msg="[core] [Channel #7 SubChannel #8] Subchannel Connectivity change to READY" module=grpc
time="2023-06-07T19:56:44.142554240-04:00" level=info msg="[core] [Channel #7] Channel Connectivity change to READY" module=grpc
time="2023-06-07T19:56:44.156730359-04:00" level=info msg="[graphdriver] using prior storage driver: overlay2"
time="2023-06-07T19:56:44.201110159-04:00" level=info msg="Loading containers: start."
time="2023-06-07T19:56:45.658615344-04:00" level=info msg="Default bridge (docker0) is assigned with an IP address 172.17.0.0/16. Daemon option --bip can be used to set a preferred IP address"
time="2023-06-07T19:56:45.757978015-04:00" level=info msg="Loading containers: done."
time="2023-06-07T19:56:45.773841592-04:00" level=warning msg="WARNING: API is accessible on http://127.0.0.1:2375 without encryption.\n         Access to the remote API is equivalent to root access on the host. Refer\n         to the 'Docker daemon attack surface' section in the documentation for\n         more information: https://docs.docker.com/go/attack-surface/"
time="2023-06-07T19:56:45.774080101-04:00" level=warning msg="WARNING: API is accessible on http://[::1]:2375 without encryption.\n         Access to the remote API is equivalent to root access on the host. Refer\n         to the 'Docker daemon attack surface' section in the documentation for\n         more information: https://docs.docker.com/go/attack-surface/"
time="2023-06-07T19:56:45.774301298-04:00" level=warning msg="WARNING: No blkio throttle.read_bps_device support"
time="2023-06-07T19:56:45.774503085-04:00" level=warning msg="WARNING: No blkio throttle.write_bps_device support"
time="2023-06-07T19:56:45.774781438-04:00" level=warning msg="WARNING: No blkio throttle.read_iops_device support"
time="2023-06-07T19:56:45.775085956-04:00" level=warning msg="WARNING: No blkio throttle.write_iops_device support"
time="2023-06-07T19:56:45.775348922-04:00" level=info msg="Docker daemon" commit=219f21b graphdriver=overlay2 version=23.0.2
time="2023-06-07T19:56:45.775643512-04:00" level=info msg="Daemon has completed initialization"
time="2023-06-07T19:56:46.498471863-04:00" level=info msg="[core] [Server #10] Server created" module=grpc
time="2023-06-07T19:56:46.501023861-04:00" level=info msg="API listen on 127.0.0.1:2375"
time="2023-06-07T19:56:46.504085101-04:00" level=info msg="API listen on [::1]:2375"
time="2023-06-07T19:56:46.506071145-04:00" level=info msg="API listen on /var/run/docker.sock"
time="2023-06-07T19:56:48.205305225-04:00" level=info msg="Processing signal 'interrupt'"
time="2023-06-07T19:56:48.206200826-04:00" level=info msg="[core] [Channel #4] Channel Connectivity change to SHUTDOWN" module=grpc
time="2023-06-07T19:56:48.206501082-04:00" level=info msg="[core] [Channel #4 SubChannel #5] Subchannel Connectivity change to SHUTDOWN" module=grpc
time="2023-06-07T19:56:48.206745293-04:00" level=info msg="[core] [Channel #4 SubChannel #5] Subchannel deleted" module=grpc
time="2023-06-07T19:56:48.206967705-04:00" level=info msg="[core] [Channel #4] Channel deleted" module=grpc
time="2023-06-07T19:56:48.207237801-04:00" level=info msg="stopping event stream following graceful shutdown" error="<nil>" module=libcontainerd namespace=moby
time="2023-06-07T19:56:48.207448903-04:00" level=info msg="Daemon shutdown complete"
time="2023-06-07T19:56:53.816199629-04:00" level=info msg="Starting up"
time="2023-06-07T19:56:53.816753291-04:00" level=warning msg="Binding to IP address without --tlsverify is insecure and gives root access on this machine to everyone who has access to your network." host="tcp://127.0.0.1:2375"
time="2023-06-07T19:56:53.816977632-04:00" level=warning msg="Binding to an IP address, even on localhost, can also give access to scripts run in a browser. Be safe out there!" host="tcp://127.0.0.1:2375"
time="2023-06-07T19:56:54.817721548-04:00" level=warning msg="Binding to IP address without --tlsverify is insecure and gives root access on this machine to everyone who has access to your network." host="tcp://[::1]:2375"
time="2023-06-07T19:56:54.818055908-04:00" level=warning msg="Binding to an IP address, even on localhost, can also give access to scripts run in a browser. Be safe out there!" host="tcp://[::1]:2375"
time="2023-06-07T19:56:55.819097232-04:00" level=info msg="libcontainerd: started new containerd process" pid=1022
time="2023-06-07T19:56:55.819449551-04:00" level=info msg="[core] [Channel #1] Channel created" module=grpc
time="2023-06-07T19:56:55.819671178-04:00" level=info msg="[core] [Channel #1] original dial target is: \"unix:///var/run/docker/containerd/containerd.sock\"" module=grpc
time="2023-06-07T19:56:55.819895955-04:00" level=info msg="[core] [Channel #1] parsed dial target is: {Scheme:unix Authority: Endpoint:var/run/docker/containerd/containerd.sock URL:{Scheme:unix Opaque: User: Host: Path:/var/run/docker/containerd/containerd.sock RawPath: OmitHost:false ForceQuery:false RawQuery: Fragment: RawFragment:}}" module=grpc
time="2023-06-07T19:56:55.820105712-04:00" level=info msg="[core] [Channel #1] Channel authority set to \"localhost\"" module=grpc
time="2023-06-07T19:56:55.820424807-04:00" level=info msg="[core] [Channel #1] Resolver state updated: {\n  \"Addresses\": [\n    {\n      \"Addr\": \"/var/run/docker/containerd/containerd.sock\",\n      \"ServerName\": \"\",\n      \"Attributes\": {},\n      \"BalancerAttributes\": null,\n      \"Type\": 0,\n      \"Metadata\": null\n    }\n  ],\n  \"ServiceConfig\": null,\n  \"Attributes\": null\n} (resolver returned new addresses)" module=grpc
time="2023-06-07T19:56:55.820647654-04:00" level=info msg="[core] [Channel #1] Channel switches to new LB policy \"pick_first\"" module=grpc
time="2023-06-07T19:56:55.820859530-04:00" level=info msg="[core] [Channel #1 SubChannel #2] Subchannel created" module=grpc
time="2023-06-07T19:56:55.821069827-04:00" level=info msg="[core] [Channel #1 SubChannel #2] Subchannel Connectivity change to CONNECTING" module=grpc
time="2023-06-07T19:56:55.821280014-04:00" level=info msg="[core] [Channel #1 SubChannel #2] Subchannel picks a new address \"/var/run/docker/containerd/containerd.sock\" to connect" module=grpc
time="2023-06-07T19:56:55.821307495-04:00" level=info msg="[core] [Channel #1] Channel Connectivity change to CONNECTING" module=grpc
time="2023-06-07T19:56:55.832920588-04:00" level=info msg="starting containerd" revision=2806fc1057397dbaeefbea0e4e17bddfbd388f38 version=1.6.20
time="2023-06-07T19:56:55.839462507-04:00" level=info msg="loading plugin \"io.containerd.content.v1.content\"..." type=io.containerd.content.v1
time="2023-06-07T19:56:55.839730169-04:00" level=info msg="loading plugin \"io.containerd.snapshotter.v1.aufs\"..." type=io.containerd.snapshotter.v1
time="2023-06-07T19:56:55.840748274-04:00" level=info msg="skip loading plugin \"io.containerd.snapshotter.v1.aufs\"..." error="aufs is not supported (modprobe aufs failed: exit status 1 \"modprobe: FATAL: Module aufs not found in directory /lib/modules/5.15.90.1-microsoft-standard-WSL2\\n\"): skip plugin" type=io.containerd.snapshotter.v1
time="2023-06-07T19:56:55.840967991-04:00" level=info msg="loading plugin \"io.containerd.snapshotter.v1.devmapper\"..." type=io.containerd.snapshotter.v1
time="2023-06-07T19:56:55.841172738-04:00" level=warning msg="failed to load plugin io.containerd.snapshotter.v1.devmapper" error="devmapper not configured"
time="2023-06-07T19:56:55.841361605-04:00" level=info msg="loading plugin \"io.containerd.snapshotter.v1.native\"..." type=io.containerd.snapshotter.v1
time="2023-06-07T19:56:55.841561002-04:00" level=info msg="loading plugin \"io.containerd.snapshotter.v1.overlayfs\"..." type=io.containerd.snapshotter.v1
time="2023-06-07T19:56:55.841802018-04:00" level=info msg="loading plugin \"io.containerd.snapshotter.v1.zfs\"..." type=io.containerd.snapshotter.v1
time="2023-06-07T19:56:55.842104888-04:00" level=info msg="skip loading plugin \"io.containerd.snapshotter.v1.zfs\"..." error="path /var/lib/docker/containerd/daemon/io.containerd.snapshotter.v1.zfs must be a zfs filesystem to be used with the zfs snapshotter: skip plugin" type=io.containerd.snapshotter.v1
time="2023-06-07T19:56:55.842311061-04:00" level=info msg="loading plugin \"io.containerd.metadata.v1.bolt\"..." type=io.containerd.metadata.v1
time="2023-06-07T19:56:55.842525107-04:00" level=warning msg="could not use snapshotter devmapper in metadata plugin" error="devmapper not configured"
time="2023-06-07T19:56:55.842701855-04:00" level=info msg="metadata content store policy set" policy=shared
time="2023-06-07T19:56:55.842956631-04:00" level=info msg="loading plugin \"io.containerd.differ.v1.walking\"..." type=io.containerd.differ.v1
time="2023-06-07T19:56:55.843155998-04:00" level=info msg="loading plugin \"io.containerd.event.v1.exchange\"..." type=io.containerd.event.v1
time="2023-06-07T19:56:55.843342525-04:00" level=info msg="loading plugin \"io.containerd.gc.v1.scheduler\"..." type=io.containerd.gc.v1
time="2023-06-07T19:56:55.843541462-04:00" level=info msg="loading plugin \"io.containerd.service.v1.introspection-service\"..." type=io.containerd.service.v1
time="2023-06-07T19:56:55.843836112-04:00" level=info msg="loading plugin \"io.containerd.service.v1.containers-service\"..." type=io.containerd.service.v1
time="2023-06-07T19:56:55.844061485-04:00" level=info msg="loading plugin \"io.containerd.service.v1.content-service\"..." type=io.containerd.service.v1
time="2023-06-07T19:56:55.844274339-04:00" level=info msg="loading plugin \"io.containerd.service.v1.diff-service\"..." type=io.containerd.service.v1
time="2023-06-07T19:56:55.844487198-04:00" level=info msg="loading plugin \"io.containerd.service.v1.images-service\"..." type=io.containerd.service.v1
time="2023-06-07T19:56:55.844692875-04:00" level=info msg="loading plugin \"io.containerd.service.v1.leases-service\"..." type=io.containerd.service.v1
time="2023-06-07T19:56:55.844904042-04:00" level=info msg="loading plugin \"io.containerd.service.v1.namespaces-service\"..." type=io.containerd.service.v1
time="2023-06-07T19:56:55.845096589-04:00" level=info msg="loading plugin \"io.containerd.service.v1.snapshots-service\"..." type=io.containerd.service.v1
time="2023-06-07T19:56:55.845299331-04:00" level=info msg="loading plugin \"io.containerd.runtime.v1.linux\"..." type=io.containerd.runtime.v1
time="2023-06-07T19:56:55.845539103-04:00" level=info msg="loading plugin \"io.containerd.runtime.v2.task\"..." type=io.containerd.runtime.v2
time="2023-06-07T19:56:55.845777849-04:00" level=info msg="loading plugin \"io.containerd.monitor.v1.cgroups\"..." type=io.containerd.monitor.v1
time="2023-06-07T19:56:55.846597576-04:00" level=info msg="loading plugin \"io.containerd.service.v1.tasks-service\"..." type=io.containerd.service.v1
time="2023-06-07T19:56:55.846828062-04:00" level=info msg="loading plugin \"io.containerd.grpc.v1.introspection\"..." type=io.containerd.grpc.v1
time="2023-06-07T19:56:55.847089328-04:00" level=info msg="loading plugin \"io.containerd.internal.v1.restart\"..." type=io.containerd.internal.v1
time="2023-06-07T19:56:55.847396224-04:00" level=info msg="loading plugin \"io.containerd.grpc.v1.containers\"..." type=io.containerd.grpc.v1
time="2023-06-07T19:56:55.847665880-04:00" level=info msg="loading plugin \"io.containerd.grpc.v1.content\"..." type=io.containerd.grpc.v1
time="2023-06-07T19:56:55.847942496-04:00" level=info msg="loading plugin \"io.containerd.grpc.v1.diff\"..." type=io.containerd.grpc.v1
time="2023-06-07T19:56:55.848164312-04:00" level=info msg="loading plugin \"io.containerd.grpc.v1.events\"..." type=io.containerd.grpc.v1
time="2023-06-07T19:56:55.848350630-04:00" level=info msg="loading plugin \"io.containerd.grpc.v1.healthcheck\"..." type=io.containerd.grpc.v1
time="2023-06-07T19:56:55.848562667-04:00" level=info msg="loading plugin \"io.containerd.grpc.v1.images\"..." type=io.containerd.grpc.v1
time="2023-06-07T19:56:55.848762758-04:00" level=info msg="loading plugin \"io.containerd.grpc.v1.leases\"..." type=io.containerd.grpc.v1
time="2023-06-07T19:56:55.848956641-04:00" level=info msg="loading plugin \"io.containerd.grpc.v1.namespaces\"..." type=io.containerd.grpc.v1
time="2023-06-07T19:56:55.849145313-04:00" level=info msg="loading plugin \"io.containerd.internal.v1.opt\"..." type=io.containerd.internal.v1
time="2023-06-07T19:56:55.849342185-04:00" level=info msg="loading plugin \"io.containerd.grpc.v1.snapshots\"..." type=io.containerd.grpc.v1
time="2023-06-07T19:56:55.849541492-04:00" level=info msg="loading plugin \"io.containerd.grpc.v1.tasks\"..." type=io.containerd.grpc.v1
time="2023-06-07T19:56:55.849737059-04:00" level=info msg="loading plugin \"io.containerd.grpc.v1.version\"..." type=io.containerd.grpc.v1
time="2023-06-07T19:56:55.849932296-04:00" level=info msg="loading plugin \"io.containerd.tracing.processor.v1.otlp\"..." type=io.containerd.tracing.processor.v1
time="2023-06-07T19:56:55.850112584-04:00" level=info msg="skip loading plugin \"io.containerd.tracing.processor.v1.otlp\"..." error="no OpenTelemetry endpoint: skip plugin" type=io.containerd.tracing.processor.v1
time="2023-06-07T19:56:55.850293891-04:00" level=info msg="loading plugin \"io.containerd.internal.v1.tracing\"..." type=io.containerd.internal.v1
time="2023-06-07T19:56:55.850486698-04:00" level=error msg="failed to initialize a tracing processor \"otlp\"" error="no OpenTelemetry endpoint: skip plugin"
time="2023-06-07T19:56:55.850809304-04:00" level=info msg=serving... address=/var/run/docker/containerd/containerd-debug.sock
time="2023-06-07T19:56:55.851033945-04:00" level=info msg=serving... address=/var/run/docker/containerd/containerd.sock.ttrpc
time="2023-06-07T19:56:55.851259827-04:00" level=info msg=serving... address=/var/run/docker/containerd/containerd.sock
time="2023-06-07T19:56:55.851467094-04:00" level=info msg="containerd successfully booted in 0.019263s"
time="2023-06-07T19:56:55.852677618-04:00" level=info msg="[core] [Channel #1 SubChannel #2] Subchannel Connectivity change to READY" module=grpc
time="2023-06-07T19:56:55.852926154-04:00" level=info msg="[core] [Channel #1] Channel Connectivity change to READY" module=grpc
time="2023-06-07T19:56:55.854568610-04:00" level=info msg="[core] [Channel #4] Channel created" module=grpc
time="2023-06-07T19:56:55.854772827-04:00" level=info msg="[core] [Channel #4] original dial target is: \"unix:///var/run/docker/containerd/containerd.sock\"" module=grpc
time="2023-06-07T19:56:55.854985024-04:00" level=info msg="[core] [Channel #4] parsed dial target is: {Scheme:unix Authority: Endpoint:var/run/docker/containerd/containerd.sock URL:{Scheme:unix Opaque: User: Host: Path:/var/run/docker/containerd/containerd.sock RawPath: OmitHost:false ForceQuery:false RawQuery: Fragment: RawFragment:}}" module=grpc
time="2023-06-07T19:56:55.855190081-04:00" level=info msg="[core] [Channel #4] Channel authority set to \"localhost\"" module=grpc
time="2023-06-07T19:56:55.855412108-04:00" level=info msg="[core] [Channel #4] Resolver state updated: {\n  \"Addresses\": [\n    {\n      \"Addr\": \"/var/run/docker/containerd/containerd.sock\",\n      \"ServerName\": \"\",\n      \"Attributes\": {},\n      \"BalancerAttributes\": null,\n      \"Type\": 0,\n      \"Metadata\": null\n    }\n  ],\n  \"ServiceConfig\": null,\n  \"Attributes\": null\n} (resolver returned new addresses)" module=grpc
time="2023-06-07T19:56:55.855616965-04:00" level=info msg="[core] [Channel #4] Channel switches to new LB policy \"pick_first\"" module=grpc
time="2023-06-07T19:56:55.855832782-04:00" level=info msg="[core] [Channel #4 SubChannel #5] Subchannel created" module=grpc
time="2023-06-07T19:56:55.856045559-04:00" level=info msg="[core] [Channel #4 SubChannel #5] Subchannel Connectivity change to CONNECTING" module=grpc
time="2023-06-07T19:56:55.856266665-04:00" level=info msg="[core] [Channel #4 SubChannel #5] Subchannel picks a new address \"/var/run/docker/containerd/containerd.sock\" to connect" module=grpc
time="2023-06-07T19:56:55.856277515-04:00" level=info msg="[core] [Channel #4] Channel Connectivity change to CONNECTING" module=grpc
time="2023-06-07T19:56:55.856635690-04:00" level=info msg="[core] [Channel #4 SubChannel #5] Subchannel Connectivity change to READY" module=grpc
time="2023-06-07T19:56:55.856900744-04:00" level=info msg="[core] [Channel #4] Channel Connectivity change to READY" module=grpc
time="2023-06-07T19:56:55.859061944-04:00" level=info msg="[core] [Channel #7] Channel created" module=grpc
time="2023-06-07T19:56:55.859300339-04:00" level=info msg="[core] [Channel #7] original dial target is: \"unix:///var/run/docker/containerd/containerd.sock\"" module=grpc
time="2023-06-07T19:56:55.859560601-04:00" level=info msg="[core] [Channel #7] parsed dial target is: {Scheme:unix Authority: Endpoint:var/run/docker/containerd/containerd.sock URL:{Scheme:unix Opaque: User: Host: Path:/var/run/docker/containerd/containerd.sock RawPath: OmitHost:false ForceQuery:false RawQuery: Fragment: RawFragment:}}" module=grpc
time="2023-06-07T19:56:55.859792703-04:00" level=info msg="[core] [Channel #7] Channel authority set to \"localhost\"" module=grpc
time="2023-06-07T19:56:55.860015510-04:00" level=info msg="[core] [Channel #7] Resolver state updated: {\n  \"Addresses\": [\n    {\n      \"Addr\": \"/var/run/docker/containerd/containerd.sock\",\n      \"ServerName\": \"\",\n      \"Attributes\": {},\n      \"BalancerAttributes\": null,\n      \"Type\": 0,\n      \"Metadata\": null\n    }\n  ],\n  \"ServiceConfig\": null,\n  \"Attributes\": null\n} (resolver returned new addresses)" module=grpc
time="2023-06-07T19:56:55.860228546-04:00" level=info msg="[core] [Channel #7] Channel switches to new LB policy \"pick_first\"" module=grpc
time="2023-06-07T19:56:55.860446993-04:00" level=info msg="[core] [Channel #7 SubChannel #8] Subchannel created" module=grpc
time="2023-06-07T19:56:55.860661660-04:00" level=info msg="[core] [Channel #7 SubChannel #8] Subchannel Connectivity change to CONNECTING" module=grpc
time="2023-06-07T19:56:55.860893037-04:00" level=info msg="[core] [Channel #7 SubChannel #8] Subchannel picks a new address \"/var/run/docker/containerd/containerd.sock\" to connect" module=grpc
time="2023-06-07T19:56:55.860913901-04:00" level=info msg="[core] [Channel #7] Channel Connectivity change to CONNECTING" module=grpc
time="2023-06-07T19:56:55.861311569-04:00" level=info msg="[core] [Channel #7 SubChannel #8] Subchannel Connectivity change to READY" module=grpc
time="2023-06-07T19:56:55.861787302-04:00" level=info msg="[core] [Channel #7] Channel Connectivity change to READY" module=grpc
time="2023-06-07T19:56:55.877763377-04:00" level=info msg="[graphdriver] using prior storage driver: overlay2"
time="2023-06-07T19:56:55.930251674-04:00" level=info msg="Loading containers: start."
time="2023-06-07T19:56:57.109194509-04:00" level=info msg="Default bridge (docker0) is assigned with an IP address 172.17.0.0/16. Daemon option --bip can be used to set a preferred IP address"
time="2023-06-07T19:56:57.297957426-04:00" level=info msg="Loading containers: done."
time="2023-06-07T19:56:57.320198108-04:00" level=warning msg="WARNING: API is accessible on http://127.0.0.1:2375 without encryption.\n         Access to the remote API is equivalent to root access on the host. Refer\n         to the 'Docker daemon attack surface' section in the documentation for\n         more information: https://docs.docker.com/go/attack-surface/"
time="2023-06-07T19:56:57.320462874-04:00" level=warning msg="WARNING: API is accessible on http://[::1]:2375 without encryption.\n         Access to the remote API is equivalent to root access on the host. Refer\n         to the 'Docker daemon attack surface' section in the documentation for\n         more information: https://docs.docker.com/go/attack-surface/"
time="2023-06-07T19:56:57.320712180-04:00" level=warning msg="WARNING: No blkio throttle.read_bps_device support"
time="2023-06-07T19:56:57.320953172-04:00" level=warning msg="WARNING: No blkio throttle.write_bps_device support"
time="2023-06-07T19:56:57.321191373-04:00" level=warning msg="WARNING: No blkio throttle.read_iops_device support"
time="2023-06-07T19:56:57.321404315-04:00" level=warning msg="WARNING: No blkio throttle.write_iops_device support"
time="2023-06-07T19:56:57.321643146-04:00" level=info msg="Docker daemon" commit=219f21b graphdriver=overlay2 version=23.0.2
time="2023-06-07T19:56:57.321925112-04:00" level=info msg="Daemon has completed initialization"
time="2023-06-07T19:56:58.081354156-04:00" level=info msg="[core] [Server #10] Server created" module=grpc
time="2023-06-07T19:56:58.085038279-04:00" level=info msg="API listen on 127.0.0.1:2375"
time="2023-06-07T19:56:58.087164967-04:00" level=info msg="API listen on [::1]:2375"
time="2023-06-07T19:56:58.089205637-04:00" level=info msg="API listen on /var/run/docker.sock"
time="2023-06-07T20:00:30.972907410-04:00" level=info msg="Processing signal 'terminated'"
time="2023-06-07T20:00:30.974403253-04:00" level=info msg="[core] [Channel #4] Channel Connectivity change to SHUTDOWN" module=grpc
time="2023-06-07T20:00:30.974718016-04:00" level=info msg="[core] [Channel #4 SubChannel #5] Subchannel Connectivity change to SHUTDOWN" module=grpc
time="2023-06-07T20:00:30.975052672-04:00" level=info msg="[core] [Channel #4 SubChannel #5] Subchannel deleted" module=grpc
time="2023-06-07T20:00:30.975303028-04:00" level=info msg="[core] [Channel #4] Channel deleted" module=grpc
time="2023-06-07T20:00:30.975646413-04:00" level=info msg="stopping event stream following graceful shutdown" error="<nil>" module=libcontainerd namespace=moby
time="2023-06-07T20:00:30.975988833-04:00" level=info msg="Daemon shutdown complete"
time="2023-06-07T20:00:30.976012977-04:00" level=info msg="stopping healthcheck following graceful shutdown" module=libcontainerd
